May 23, 2019 6:28:47 PM com.rea.robot.BootStrap main
WARNING: consolejava.io.Console@378bf509
May 23, 2019 6:28:47 PM com.rea.robot.BootStrap main
INFO: Toy Robot Simulator
May 23, 2019 6:28:47 PM com.rea.robot.BootStrap main
INFO: Enter a command, Valid commands are:
May 23, 2019 6:28:47 PM com.rea.robot.BootStrap main
INFO: 'PLACE X,Y,F', MOVE, LEFT, RIGHT, REPORT or EXIT or FILE
May 23, 2019 6:29:04 PM com.rea.robot.BootStrap main
WARNING: inputString : 
May 23, 2019 6:29:04 PM com.rea.robot.BootStrap main
INFO: Invalid command
May 23, 2019 6:29:06 PM com.rea.robot.BootStrap main
WARNING: inputString : PLACE 1,2,EAST
May 23, 2019 6:29:06 PM com.rea.robot.BootStrap main
INFO: true
May 23, 2019 6:29:10 PM com.rea.robot.BootStrap main
WARNING: inputString : MOVE
May 23, 2019 6:29:10 PM com.rea.robot.BootStrap main
INFO: true
May 23, 2019 6:29:11 PM com.rea.robot.BootStrap main
WARNING: inputString : MOVE
May 23, 2019 6:29:11 PM com.rea.robot.BootStrap main
INFO: true
May 23, 2019 6:29:13 PM com.rea.robot.BootStrap main
WARNING: inputString : LEFT
May 23, 2019 6:29:13 PM com.rea.robot.BootStrap main
INFO: true
May 23, 2019 6:29:18 PM com.rea.robot.BootStrap main
WARNING: inputString : REPORT
May 23, 2019 6:29:18 PM com.rea.robot.BootStrap main
INFO: 3,2,NORTH
